

    Cadence Design Systems, Inc.
    Bomhdl 17.4-2019 S018 (3945310) 5/16/2021
    Copyright 2011 Cadence Design Systems, Inc, Cadence Design Systems, Inc.

    Run on Thu Jul 15 11:58:11 2021


*****************************
*  Processing project file  *
*****************************

    DESIGN_LIBRARY 'maxm86161_adptr_evkit_b_lib'
    DESIGN_NAME 'maxm86161_adptr_evkit_b'
    VIEW_SCHEMATIC 'sch_1'
    VIEW_PACKAGER 'packaged'
    VIEW_VARIANT 'variant'
    VIEW_BOM ''
    VIEW_CONFIG_PHYSICAL 'cfg_package'
    PPT 'C:\AllegroLib\MML\Allegrolib\site\..\mml_worklib\mechanical'
    USE_LIBRARY_PPT 'ON'
    MERGE_PPT 'ON'
    INCLUDE_PPT ''
    EXCLUDE_PPT ''
    SPREADSHEET 'on'
    LAST_OUTPUT_FILE './BOM.rpt'
    TEMPLATE_FILE 'template.bom'
    PACKAGED_VARIANT_SYNC_CHECK '1'
    LAST_TEMPLATE_FILE 'C:\AllegroLib\MML\Allegrolib\site\cdssetup\bom_templates\buy_template.bom'
    USE_FILTERS '1'
    LAST_SS_DELIMITER 'Comma ,'

*********************************
*  End processing project file  *
*********************************

Initializing tool communication modules... 

*********************************
*  Loading the design database  *
*********************************

Start loading the design. 
Loading logical design view of maxm86161_adptr_evkit_b 
Setting design view directives...
 
Loading pstX files...
 

Loading... C:\Customer_Facing\MAXM86161_ADPTR_EVKIT_B\MAXM86161_ADPTR_EVKIT_B\worklib\maxm86161_adptr_evkit_b\packaged\pstchip.dat
 

Loading... C:\Customer_Facing\MAXM86161_ADPTR_EVKIT_B\MAXM86161_ADPTR_EVKIT_B\worklib\maxm86161_adptr_evkit_b\packaged\pstxprt.dat
 

Loading... C:\Customer_Facing\MAXM86161_ADPTR_EVKIT_B\MAXM86161_ADPTR_EVKIT_B\worklib\maxm86161_adptr_evkit_b\packaged\pstxnet.dat
 
packaging the design view... 
End loading logical design view of maxm86161_adptr_evkit_b 
Reading cell level PPTs... 
INFO(SPCODD-181): Loading C:/AllegroLib/MML/Allegrolib/site/../mml_worklib/mechanical/mech.ptf.
       
INFO(SPCODD-181): Loading C:/AllegroLib/MML/Allegrolib/mml_worklib/tp/part_table/part.ptf.
       
INFO(SPCODD-181): Loading C:/AllegroLib/MML/Allegrolib/mml_worklib/501616#2d2575/part_table/part.ptf.
       
INFO(SPCODD-181): Loading C:/AllegroLib/MML/Allegrolib/mml_worklib/header_12p/part_table/part.ptf.
       
INFO(SPCODD-181): Loading C:/AllegroLib/MML/Allegrolib/mml_worklib/header_16p/part_table/part.ptf.
       
INFO(SPCODD-181): Loading C:/AllegroLib/MML/Allegrolib/mml_worklib/res_smd/part_table/part.ptf.
       
INFO(SPCODD-181): Loading C:/AllegroLib/MML/Allegrolib/mml_worklib/res_smd/part_table/SMD_RES_0201.ptf.
       
INFO(SPCODD-181): Loading C:/AllegroLib/MML/Allegrolib/mml_worklib/res_smd/part_table/SMD_RES_0402.ptf.
       
INFO(SPCODD-181): Loading C:/AllegroLib/MML/Allegrolib/mml_worklib/res_smd/part_table/SMD_RES_0603.ptf.
       
INFO(SPCODD-181): Loading C:/AllegroLib/MML/Allegrolib/mml_worklib/res_smd/part_table/SMD_RES_0805.ptf.
       
INFO(SPCODD-181): Loading C:/AllegroLib/MML/Allegrolib/mml_worklib/res_smd/part_table/SMD_RES_1206.ptf.
       
INFO(SPCODD-181): Loading C:/AllegroLib/MML/Allegrolib/mml_worklib/res_smd/part_table/SMD_RES_1210.ptf.
       
INFO(SPCODD-181): Loading C:/AllegroLib/MML/Allegrolib/mml_worklib/res_smd/part_table/SMD_RES_2512.ptf.
       
Design loaded successfully. 


******************************************
*  Finished loading the design database  *
******************************************


**********************************
*  Start generating bom reports. *
**********************************

Report generated successfully.

Output file list :
C:\Customer_Facing\MAXM86161_ADPTR_EVKIT_B\MAXM86161_ADPTR_EVKIT_B\temp\relay_socketmaxm86161_adptr_evkit_b.csv
 

*********************************
*  End generating bom reports   *
*********************************

    Start time   11:58:11
    End time     11:58:12
    Elapsed time  0:00:01

*********************************
*  BOM-HDL execution done.      *
*********************************

